<?xml version="1.0" encoding="UTF-8"?>
<!-- Generated by org.testng.reporters.JUnitReportReporter -->
<testsuite name="com.qa.Tests.LoginTest" tests="4" time="49.235" ignored="0" failures="0" timestamp="19 Oct 2018 09:35:04 GMT" skipped="0" hostname="D9075CQ1" errors="0">
  <testcase name="aboutusPageTest" time="12.482" classname="com.qa.Tests.LoginTest"/>
  <testcase name="sapPageTest" time="14.394" classname="com.qa.Tests.LoginTest"/>
  <testcase name="test" time="11.468" classname="com.qa.Tests.LoginTest"/>
  <testcase name="technologiesPageTest" time="10.891" classname="com.qa.Tests.LoginTest"/>
</testsuite> <!-- com.qa.Tests.LoginTest -->
