<?xml version="1.0" encoding="UTF-8"?>
<!-- Generated by org.testng.reporters.JUnitReportReporter -->
<testsuite name="com.qa.Tests.LoginTest" tests="4" time="115.099" ignored="0" failures="0" timestamp="19 Oct 2018 07:42:21 GMT" skipped="0" hostname="D9075CQ1" errors="0">
  <testcase name="aboutusPageTest" time="76.625" classname="com.qa.Tests.LoginTest"/>
  <testcase name="test" time="8.995" classname="com.qa.Tests.LoginTest"/>
  <testcase name="technologiesPageTest" time="12.456" classname="com.qa.Tests.LoginTest"/>
  <testcase name="sapPageTest" time="17.023" classname="com.qa.Tests.LoginTest"/>
</testsuite> <!-- com.qa.Tests.LoginTest -->
