<?xml version="1.0" encoding="UTF-8"?>
<!-- Generated by org.testng.reporters.JUnitReportReporter -->
<testsuite name="com.qa.Tests.LoginTest" tests="4" time="42.847" ignored="0" failures="0" timestamp="19 Oct 2018 08:04:58 GMT" skipped="0" hostname="D9075CQ1" errors="0">
  <testcase name="aboutusPageTest" time="10.433" classname="com.qa.Tests.LoginTest"/>
  <testcase name="technologiesPageTest" time="9.615" classname="com.qa.Tests.LoginTest"/>
  <testcase name="test" time="9.964" classname="com.qa.Tests.LoginTest"/>
  <testcase name="sapPageTest" time="12.835" classname="com.qa.Tests.LoginTest"/>
</testsuite> <!-- com.qa.Tests.LoginTest -->
