<?xml version="1.0" encoding="UTF-8"?>
<!-- Generated by org.testng.reporters.JUnitReportReporter -->
<testsuite name="com.qa.Tests.LoginTest" tests="4" time="66.240" ignored="0" failures="0" timestamp="19 Oct 2018 09:46:40 GMT" skipped="0" hostname="D9075CQ1" errors="0">
  <testcase name="aboutusPageTest" time="11.280" classname="com.qa.Tests.LoginTest"/>
  <testcase name="sapPageTest" time="13.518" classname="com.qa.Tests.LoginTest"/>
  <testcase name="test" time="14.805" classname="com.qa.Tests.LoginTest"/>
  <testcase name="technologiesPageTest" time="26.637" classname="com.qa.Tests.LoginTest"/>
</testsuite> <!-- com.qa.Tests.LoginTest -->
